wear/build/intermediates/manifest_merge_blame_file/debug/processDebugMainManifest/manifest-merger-blame-debug-report.txt
1<?xml version="1.0" encoding="utf-8"?>
2<manifest xmlns:android="http://schemas.android.com/apk/res/android"
3    package="mx.utng.smarthealthmonitor.wear"
4    android:versionCode="1"
5    android:versionName="1.0" >
6
7    <uses-sdk
7-->INJECTED
8        android:minSdkVersion="30"
8-->INJECTED
9        android:targetSdkVersion="35" />
9-->INJECTED
10
11    <uses-feature android:name="android.hardware.type.watch" />
11-->src\main\AndroidManifest.xml:4:5-64
11-->src\main\AndroidManifest.xml:4:19-61
12
13    <uses-permission android:name="android.permission.BODY_SENSORS" />
13-->src\main\AndroidManifest.xml:6:5-71
13-->src\main\AndroidManifest.xml:6:22-68
14    <uses-permission android:name="android.permission.ACTIVITY_RECOGNITION" />
14-->src\main\AndroidManifest.xml:7:5-79
14-->src\main\AndroidManifest.xml:7:22-76
15    <uses-permission android:name="android.permission.WAKE_LOCK" />
15-->src\main\AndroidManifest.xml:8:5-68
15-->src\main\AndroidManifest.xml:8:22-65
16
17    <queries>
17-->[androidx.health:health-services-client:1.1.0-alpha03] AndroidManifest.xml:19:5-21:15
18        <package android:name="com.google.android.wearable.healthservices" />
18-->[androidx.health:health-services-client:1.1.0-alpha03] AndroidManifest.xml:20:9-78
18-->[androidx.health:health-services-client:1.1.0-alpha03] AndroidManifest.xml:20:18-75
19    </queries>
20
21    <permission
21-->[androidx.core:core:1.16.0] AndroidManifest.xml:22:5-24:47
22        android:name="mx.utng.smarthealthmonitor.wear.DYNAMIC_RECEIVER_NOT_EXPORTED_PERMISSION"
22-->[androidx.core:core:1.16.0] AndroidManifest.xml:23:9-81
23        android:protectionLevel="signature" />
23-->[androidx.core:core:1.16.0] AndroidManifest.xml:24:9-44
24
25    <uses-permission android:name="mx.utng.smarthealthmonitor.wear.DYNAMIC_RECEIVER_NOT_EXPORTED_PERMISSION" />
25-->[androidx.core:core:1.16.0] AndroidManifest.xml:26:5-97
25-->[androidx.core:core:1.16.0] AndroidManifest.xml:26:22-94
26
27    <application
27-->src\main\AndroidManifest.xml:10:5-42:19
28        android:allowBackup="true"
28-->src\main\AndroidManifest.xml:11:9-35
29        android:appComponentFactory="androidx.core.app.CoreComponentFactory"
29-->[androidx.core:core:1.16.0] AndroidManifest.xml:28:18-86
30        android:debuggable="true"
31        android:extractNativeLibs="false"
31-->INJECTED
32        android:icon="@mipmap/ic_launcher"
32-->src\main\AndroidManifest.xml:12:9-43
33        android:label="@string/app_name"
33-->src\main\AndroidManifest.xml:13:9-41
34        android:roundIcon="@mipmap/ic_launcher_round"
34-->src\main\AndroidManifest.xml:14:9-54
35        android:supportsRtl="true"
35-->src\main\AndroidManifest.xml:15:9-35
36        android:theme="@android:style/Theme.DeviceDefault" >
36-->src\main\AndroidManifest.xml:16:9-59
37        <uses-library
37-->src\main\AndroidManifest.xml:18:9-20:39
38            android:name="com.google.android.wearable"
38-->src\main\AndroidManifest.xml:19:13-55
39            android:required="true" />
39-->src\main\AndroidManifest.xml:20:13-36
40
41        <activity
41-->src\main\AndroidManifest.xml:22:9-31:20
42            android:name="mx.utng.smarthealthmonitor.wear.WearMainActivity"
42-->src\main\AndroidManifest.xml:23:13-45
43            android:exported="true"
43-->src\main\AndroidManifest.xml:24:13-36
44            android:label="@string/app_name"
44-->src\main\AndroidManifest.xml:25:13-45
45            android:theme="@android:style/Theme.DeviceDefault" >
45-->src\main\AndroidManifest.xml:26:13-63
46            <intent-filter>
46-->src\main\AndroidManifest.xml:27:13-30:29
47                <action android:name="android.intent.action.MAIN" />
47-->src\main\AndroidManifest.xml:28:17-69
47-->src\main\AndroidManifest.xml:28:25-66
48
49                <category android:name="android.intent.category.LAUNCHER" />
49-->src\main\AndroidManifest.xml:29:17-77
49-->src\main\AndroidManifest.xml:29:27-74
50            </intent-filter>
51        </activity>
52
53        <service
53-->src\main\AndroidManifest.xml:33:9-40:19
54            android:name="mx.utng.smarthealthmonitor.wear.HealthDataService"
54-->src\main\AndroidManifest.xml:34:13-46
55            android:exported="true"
55-->src\main\AndroidManifest.xml:35:13-36
56            android:permission="com.google.android.wearable.permission.BIND_LISTENER" >
56-->src\main\AndroidManifest.xml:36:13-86
57            <intent-filter>
57-->src\main\AndroidManifest.xml:37:13-39:29
58                <action android:name="androidx.health.services.client.PASSIVE_LISTENER" />
58-->src\main\AndroidManifest.xml:38:17-91
58-->src\main\AndroidManifest.xml:38:25-88
59            </intent-filter>
60        </service>
61        <service
61-->[androidx.health:health-services-client:1.1.0-alpha03] AndroidManifest.xml:24:9-31:19
62            android:name="androidx.health.services.client.VersionApiService"
62-->[androidx.health:health-services-client:1.1.0-alpha03] AndroidManifest.xml:25:13-77
63            android:exported="true"
63-->[androidx.health:health-services-client:1.1.0-alpha03] AndroidManifest.xml:26:13-36
64            android:permission="com.google.android.wearable.healthservices.permission.PASSIVE_DATA_BINDING" >
64-->[androidx.health:health-services-client:1.1.0-alpha03] AndroidManifest.xml:27:13-108
65            <intent-filter>
65-->[androidx.health:health-services-client:1.1.0-alpha03] AndroidManifest.xml:28:13-30:29
66                <action android:name="hs.versionclient.BIND" />
66-->[androidx.health:health-services-client:1.1.0-alpha03] AndroidManifest.xml:29:17-64
66-->[androidx.health:health-services-client:1.1.0-alpha03] AndroidManifest.xml:29:25-61
67            </intent-filter>
68        </service>
69
70        <activity
70-->[com.google.android.gms:play-services-base:18.5.0] AndroidManifest.xml:5:9-173
71            android:name="com.google.android.gms.common.api.GoogleApiActivity"
71-->[com.google.android.gms:play-services-base:18.5.0] AndroidManifest.xml:5:19-85
72            android:exported="false"
72-->[com.google.android.gms:play-services-base:18.5.0] AndroidManifest.xml:5:146-170
73            android:theme="@android:style/Theme.Translucent.NoTitleBar" />
73-->[com.google.android.gms:play-services-base:18.5.0] AndroidManifest.xml:5:86-145
74
75        <provider
75-->[androidx.emoji2:emoji2:1.4.0] AndroidManifest.xml:24:9-32:20
76            android:name="androidx.startup.InitializationProvider"
76-->[androidx.emoji2:emoji2:1.4.0] AndroidManifest.xml:25:13-67
77            android:authorities="mx.utng.smarthealthmonitor.wear.androidx-startup"
77-->[androidx.emoji2:emoji2:1.4.0] AndroidManifest.xml:26:13-68
78            android:exported="false" >
78-->[androidx.emoji2:emoji2:1.4.0] AndroidManifest.xml:27:13-37
79            <meta-data
79-->[androidx.emoji2:emoji2:1.4.0] AndroidManifest.xml:29:13-31:52
80                android:name="androidx.emoji2.text.EmojiCompatInitializer"
80-->[androidx.emoji2:emoji2:1.4.0] AndroidManifest.xml:30:17-75
81                android:value="androidx.startup" />
81-->[androidx.emoji2:emoji2:1.4.0] AndroidManifest.xml:31:17-49
82            <meta-data
82-->[androidx.lifecycle:lifecycle-process:2.9.4] AndroidManifest.xml:29:13-31:52
83                android:name="androidx.lifecycle.ProcessLifecycleInitializer"
83-->[androidx.lifecycle:lifecycle-process:2.9.4] AndroidManifest.xml:30:17-78
84                android:value="androidx.startup" />
84-->[androidx.lifecycle:lifecycle-process:2.9.4] AndroidManifest.xml:31:17-49
85            <meta-data
85-->[androidx.profileinstaller:profileinstaller:1.4.0] AndroidManifest.xml:29:13-31:52
86                android:name="androidx.profileinstaller.ProfileInstallerInitializer"
86-->[androidx.profileinstaller:profileinstaller:1.4.0] AndroidManifest.xml:30:17-85
87                android:value="androidx.startup" />
87-->[androidx.profileinstaller:profileinstaller:1.4.0] AndroidManifest.xml:31:17-49
88        </provider>
89
90        <uses-library
90-->[androidx.window:window:1.5.0] AndroidManifest.xml:23:9-25:40
91            android:name="androidx.window.extensions"
91-->[androidx.window:window:1.5.0] AndroidManifest.xml:24:13-54
92            android:required="false" />
92-->[androidx.window:window:1.5.0] AndroidManifest.xml:25:13-37
93        <uses-library
93-->[androidx.window:window:1.5.0] AndroidManifest.xml:26:9-28:40
94            android:name="androidx.window.sidecar"
94-->[androidx.window:window:1.5.0] AndroidManifest.xml:27:13-51
95            android:required="false" />
95-->[androidx.window:window:1.5.0] AndroidManifest.xml:28:13-37
96
97        <meta-data
97-->[com.google.android.gms:play-services-basement:18.4.0] AndroidManifest.xml:6:9-122
98            android:name="com.google.android.gms.version"
98-->[com.google.android.gms:play-services-basement:18.4.0] AndroidManifest.xml:6:20-65
99            android:value="@integer/google_play_services_version" />
99-->[com.google.android.gms:play-services-basement:18.4.0] AndroidManifest.xml:6:66-119
100
101        <receiver
101-->[androidx.profileinstaller:profileinstaller:1.4.0] AndroidManifest.xml:34:9-52:20
102            android:name="androidx.profileinstaller.ProfileInstallReceiver"
102-->[androidx.profileinstaller:profileinstaller:1.4.0] AndroidManifest.xml:35:13-76
103            android:directBootAware="false"
103-->[androidx.profileinstaller:profileinstaller:1.4.0] AndroidManifest.xml:36:13-44
104            android:enabled="true"
104-->[androidx.profileinstaller:profileinstaller:1.4.0] AndroidManifest.xml:37:13-35
105            android:exported="true"
105-->[androidx.profileinstaller:profileinstaller:1.4.0] AndroidManifest.xml:38:13-36
106            android:permission="android.permission.DUMP" >
106-->[androidx.profileinstaller:profileinstaller:1.4.0] AndroidManifest.xml:39:13-57
107            <intent-filter>
107-->[androidx.profileinstaller:profileinstaller:1.4.0] AndroidManifest.xml:40:13-42:29
108                <action android:name="androidx.profileinstaller.action.INSTALL_PROFILE" />
108-->[androidx.profileinstaller:profileinstaller:1.4.0] AndroidManifest.xml:41:17-91
108-->[androidx.profileinstaller:profileinstaller:1.4.0] AndroidManifest.xml:41:25-88
109            </intent-filter>
110            <intent-filter>
110-->[androidx.profileinstaller:profileinstaller:1.4.0] AndroidManifest.xml:43:13-45:29
111                <action android:name="androidx.profileinstaller.action.SKIP_FILE" />
111-->[androidx.profileinstaller:profileinstaller:1.4.0] AndroidManifest.xml:44:17-85
111-->[androidx.profileinstaller:profileinstaller:1.4.0] AndroidManifest.xml:44:25-82
112            </intent-filter>
113            <intent-filter>
113-->[androidx.profileinstaller:profileinstaller:1.4.0] AndroidManifest.xml:46:13-48:29
114                <action android:name="androidx.profileinstaller.action.SAVE_PROFILE" />
114-->[androidx.profileinstaller:profileinstaller:1.4.0] AndroidManifest.xml:47:17-88
114-->[androidx.profileinstaller:profileinstaller:1.4.0] AndroidManifest.xml:47:25-85
115            </intent-filter>
116            <intent-filter>
116-->[androidx.profileinstaller:profileinstaller:1.4.0] AndroidManifest.xml:49:13-51:29
117                <action android:name="androidx.profileinstaller.action.BENCHMARK_OPERATION" />
117-->[androidx.profileinstaller:profileinstaller:1.4.0] AndroidManifest.xml:50:17-95
117-->[androidx.profileinstaller:profileinstaller:1.4.0] AndroidManifest.xml:50:25-92
118            </intent-filter>
119        </receiver>
120    </application>
121
122</manifest>